<?xml version="1.0" encoding="UTF-8"?>
<testng-results ignored="0" total="1" passed="1" failed="0" skipped="0">
  <reporter-output>
  </reporter-output>
  <suite started-at="2022-04-19T10:37:59 IST" name="Surefire suite" finished-at="2022-04-19T10:38:01 IST" duration-ms="1181">
    <groups>
    </groups>
    <test started-at="2022-04-19T10:37:59 IST" name="Surefire test" finished-at="2022-04-19T10:38:01 IST" duration-ms="1181">
      <class name="com.automation.tests.seleniumTests.Test_CalculateFixedDepositInterest">
        <test-method is-config="true" signature="Initialize()[pri:0, instance:com.automation.tests.seleniumTests.Test_CalculateFixedDepositInterest@7ff95560]" started-at="2022-04-19T10:37:48 IST" name="Initialize" finished-at="2022-04-19T10:37:59 IST" duration-ms="11416" status="PASS">
          <reporter-output>
          </reporter-output>
        </test-method> <!-- Initialize -->
        <test-method signature="CalculateFixedDepositInterest()[pri:0, instance:com.automation.tests.seleniumTests.Test_CalculateFixedDepositInterest@7ff95560]" started-at="2022-04-19T10:38:00 IST" name="CalculateFixedDepositInterest" finished-at="2022-04-19T10:38:01 IST" duration-ms="1148" status="PASS">
          <reporter-output>
          </reporter-output>
        </test-method> <!-- CalculateFixedDepositInterest -->
      </class> <!-- com.automation.tests.seleniumTests.Test_CalculateFixedDepositInterest -->
    </test> <!-- Surefire test -->
  </suite> <!-- Surefire suite -->
</testng-results>
